#
# A fatal error has been detected by the Java Runtime Environment:
#
#  EXCEPTION_ACCESS_VIOLATION (0xc0000005) at pc=0x00007fffa18300aa, pid=11012, tid=11396
#
# JRE version: Java(TM) SE Runtime Environment (18.0.1.1+2) (build 18.0.1.1+2-6)
# Java VM: Java HotSpot(TM) 64-Bit Server VM (18.0.1.1+2-6, mixed mode, sharing, tiered, compressed oops, compressed class ptrs, g1 gc, windows-amd64)
# Problematic frame:
# V  [jvm.dll+0x7600aa]
#
# No core dump will be written. Minidumps are not enabled by default on client versions of Windows
#
# If you would like to submit a bug report, please visit:
#   https://bugreport.java.com/bugreport/crash.jsp
#

---------------  S U M M A R Y ------------

Command Line: -XX:+ShowCodeDetailsInExceptionMessages -agentlib:jdwp=transport=dt_socket,suspend=y,address=localhost:50981 -javaagent:C:\Users\Damiao\eclipse\jee-2022-06\eclipse\configuration\org.eclipse.osgi\1059\0\.cp\lib\javaagent-shaded.jar -Dfile.encoding=UTF-8 sethe.foursquare.test.QuerySetheFoursquareMain

Host: Intel(R) Core(TM) i5-7500 CPU @ 3.40GHz, 4 cores, 15G,  Windows 10 , 64 bit Build 19041 (10.0.19041.1889)
Time: Mon Oct 17 11:20:41 2022 Hora oficial do Brasil elapsed time: 273.790095 seconds (0d 0h 4m 33s)

---------------  T H R E A D  ---------------

Current thread (0x00000190191fb7d0):  JavaThread "JDWP Transport Listener: dt_socket" daemon [_thread_in_vm, id=11396, stack(0x0000001de3800000,0x0000001de3900000)]

Stack: [0x0000001de3800000,0x0000001de3900000],  sp=0x0000001de38ff150,  free space=1020k
Native frames: (J=compiled Java code, j=interpreted, Vv=VM code, C=native code)
V  [jvm.dll+0x7600aa]
V  [jvm.dll+0x52bfcc]
V  [jvm.dll+0x4f37db]
C  [jdwp.dll+0x23087]


siginfo: EXCEPTION_ACCESS_VIOLATION (0xc0000005), reading address 0x0000000001460090


Register to memory mapping:

RIP=0x00007fffa18300aa jvm.dll
RAX=0x0000000000000145 is an unknown value
RBX=0x000001907ee6fd5b points into unknown readable memory: 72 61 70 68 3b
RCX=0x000000000146008c is an unknown value
RDX=0x00000190192b4470 points into unknown readable memory: 0x542f65687465734c | 4c 73 65 74 68 65 2f 54
RSP=0x0000001de38ff150 is pointing into the stack for thread: 0x00000190191fb7d0
RBP=0x0000019019271050 points into unknown readable memory: 0xffffffff00000002 | 02 00 00 00 ff ff ff ff
RSI=0x0 is NULL
RDI=0xffffffffffffffff is an unknown value
R8 =0x0000000000000015 is an unknown value
R9 =0x000000000000001d is an unknown value
R10=0x0 is NULL
R11=0x0000001de38ff170 is pointing into the stack for thread: 0x00000190191fb7d0
R12=0x0000001de38ff2a8 is pointing into the stack for thread: 0x00000190191fb7d0
R13=0x0 is NULL
R14=0x0000000800c95c90 is a pointer to class: 
sethe.Trajectory {0x0000000800c95c98}
 - instance size:     6
 - klass size:        84
 - access:            public synchronized 
 - state:             fully_initialized
 - name:              'sethe/Trajectory'
 - super:             'java/lang/Object'
 - sub:               
 - arrays:            NULL
 - methods:           Array<T>(0x00000190156012e0)
 - method ordering:   Array<T>(0x00000190156027d0)
 - default_methods:   Array<T>(0x0000000000000000)
 - local interfaces:  Array<T>(0x00000190155cffe0)
 - trans. interfaces: Array<T>(0x00000190155cffe0)
 - constants:         constant pool [366] {0x0000019015604230} for 'sethe/Trajectory' cache=0x0000019015604ea8
 - class loader data:  loader data: 0x000001907ee239d0 for instance a 'jdk/internal/loader/ClassLoaders$AppClassLoader'{0x00000007112285c0}
 - source file:       'Trajectory.java'
 - source debug extension:       SMAP
Trajectory.java
Java
*S jdt
*F
1 Trajectory.java
2 file:/D:/workspace/SETHE/target/classes/
*L
*E

 - class annotations:       Array<T>(0x0000000000000000)
 - class type annotations:  Array<T>(0x0000000000000000)
 - field annotations:       Array<T>(0x0000000000000000)
 - field type annotations:  Array<T>(0x0000000000000000)
 - generic signature: '
[error occurred during error reporting (printing register info), id 0xc0000005, EXCEPTION_ACCESS_VIOLATION (0xc0000005) at pc=0x00007fffa1830cb6]

Registers:
RAX=0x0000000000000145, RBX=0x000001907ee6fd5b, RCX=0x000000000146008c, RDX=0x00000190192b4470
RSP=0x0000001de38ff150, RBP=0x0000019019271050, RSI=0x0000000000000000, RDI=0xffffffffffffffff
R8 =0x0000000000000015, R9 =0x000000000000001d, R10=0x0000000000000000, R11=0x0000001de38ff170
R12=0x0000001de38ff2a8, R13=0x0000000000000000, R14=0x0000000800c95c90, R15=0x0000001de38ff2d0
RIP=0x00007fffa18300aa, EFLAGS=0x0000000000010206

Top of Stack: (sp=0x0000001de38ff150)
0x0000001de38ff150:   0000000000000010 0000000800c95c90
0x0000001de38ff160:   0000000000000000 00007fffa1625d3d
0x0000001de38ff170:   ffffffffffffffff 00007fffa15fbfcc
0x0000001de38ff180:   000001907ee6fd5b 0000019019271050
0x0000001de38ff190:   0000000000000000 00007fffa15feb6d
0x0000001de38ff1a0:   000001907ee6fd20 00000000000003d8
0x0000001de38ff1b0:   000001907ee6fd30 000001907ee70108
0x0000001de38ff1c0:   0000000000004301 0000001de38ff2a8
0x0000001de38ff1d0:   0000000000000007 00000190191fba60
0x0000001de38ff1e0:   0000000711545dc8 00007fffa15c37db
0x0000001de38ff1f0:   00000190191fb7d0 0000001de38ff2d0
0x0000001de38ff200:   000001907190c660 0000001de38ff2d0
0x0000001de38ff210:   00000190191fb7d0 0000000000000000
0x0000001de38ff220:   0000000000000000 0000000000000000
0x0000001de38ff230:   00000190191fd2d0 00007fffdbbe3087
0x0000001de38ff240:   0000001de38ff2c8 00007fffdbbf1718 

Instructions: (pc=0x00007fffa18300aa)
0x00007fffa182ffaa:   48 8b f8 48 85 db 74 08 48 8b cb e8 86 b0 f0 ff
0x00007fffa182ffba:   48 8b 5c 24 30 48 8b c7 48 83 c4 20 5f c3 8d 42
0x00007fffa182ffca:   06 83 ff 02 b9 08 00 00 00 0f 4e c1 45 33 c0 48
0x00007fffa182ffda:   63 c8 48 83 c1 07 83 e1 f8 48 63 c9 41 8d 50 0b
0x00007fffa182ffea:   48 83 c4 20 5f e9 3c 31 95 ff cc cc cc cc cc cc
0x00007fffa182fffa:   cc cc cc cc cc cc 83 fa 02 8d 42 06 b9 08 00 00
0x00007fffa183000a:   00 4d 8b c8 0f 4e c1 48 63 c8 49 8b 40 18 48 83
0x00007fffa183001a:   c1 07 83 e1 f8 48 63 d1 49 8b 48 20 48 2b c8 48
0x00007fffa183002a:   3b ca 72 09 48 8d 0c 10 49 89 48 18 c3 45 33 c0
0x00007fffa183003a:   49 8b c9 e9 1e 8f 95 ff cc cc cc cc cc cc cc cc
0x00007fffa183004a:   cc cc cc cc cc cc 4c 8b d2 4c 8b d9 45 85 c0 7e
0x00007fffa183005a:   3c 44 0f b7 49 04 41 8d 40 ff 41 3b c1 44 0f 4c
0x00007fffa183006a:   c8 4d 63 c1 45 85 c9 7e 1f 48 8b c2 4c 2b da 49
0x00007fffa183007a:   8b d0 0f 1f 40 00 41 0f b6 4c 03 06 88 08 48 8d
0x00007fffa183008a:   40 01 48 83 ea 01 75 ee 43 c6 04 10 00 49 8b c2
0x00007fffa183009a:   c3 cc cc cc cc cc 48 89 5c 24 08 57 48 83 ec 20
0x00007fffa18300aa:   0f b7 59 04 48 8b f9 33 d2 48 8d 4b 01 e8 b4 d6
0x00007fffa18300ba:   f8 ff 0f b7 57 04 4c 8b c0 3b da 0f 42 d3 44 8b
0x00007fffa18300ca:   ca 85 d2 74 39 48 2b f8 0f 1f 40 00 66 66 0f 1f
0x00007fffa18300da:   84 00 00 00 00 00 0f b6 4c 07 06 88 08 48 ff c0
0x00007fffa18300ea:   48 8b c8 49 2b c8 49 3b c9 7c eb 42 c6 04 02 00
0x00007fffa18300fa:   49 8b c0 48 8b 5c 24 30 48 83 c4 20 5f c3 48 8b
0x00007fffa183010a:   5c 24 30 c6 04 02 00 48 83 c4 20 5f c3 cc cc cc
0x00007fffa183011a:   cc cc cc cc cc cc 4c 8b d1 45 85 c0 7e 6c 44 0f
0x00007fffa183012a:   b7 49 04 41 8d 40 ff 41 3b c1 44 0f 4c c8 4d 63
0x00007fffa183013a:   d9 45 85 c9 7e 22 48 8b ca 4c 2b d2 4d 8b c3 0f
0x00007fffa183014a:   1f 80 00 00 00 00 41 0f b6 44 0a 06 88 01 48 8d
0x00007fffa183015a:   49 01 49 83 e8 01 75 ee 41 c6 04 13 00 48 c7 c0
0x00007fffa183016a:   ff ff ff ff 66 90 48 ff c0 80 3c 02 00 75 f7 48
0x00007fffa183017a:   63 c8 85 c0 48 8b c2 7e 14 80 38 2f 75 03 c6 00
0x00007fffa183018a:   2e 48 ff c0 48 83 e9 01 75 ef 48 8b c2 c3 cc cc
0x00007fffa183019a:   cc cc cc cc cc cc 48 83 ec 28 e8 f7 fe ff ff 4c 


Stack slot to memory mapping:
stack at sp + 0 slots: 0x0000000000000010 is an unknown value
stack at sp + 1 slots: 0x0000000800c95c90 is a pointer to class: 
sethe.Trajectory {0x0000000800c95c98}
 - instance size:     6
 - klass size:        84
 - access:            public synchronized 
 - state:             fully_initialized
 - name:              'sethe/Trajectory'
 - super:             'java/lang/Object'
 - sub:               
 - arrays:            NULL
 - methods:           Array<T>(0x00000190156012e0)
 - method ordering:   Array<T>(0x00000190156027d0)
 - default_methods:   Array<T>(0x0000000000000000)
 - local interfaces:  Array<T>(0x00000190155cffe0)
 - trans. interfaces: Array<T>(0x00000190155cffe0)
 - constants:         constant pool [366] {0x0000019015604230} for 'sethe/Trajectory' cache=0x0000019015604ea8
 - class loader data:  loader data: 0x000001907ee239d0 for instance a 'jdk/internal/loader/ClassLoaders$AppClassLoader'{0x00000007112285c0}
 - source file:       'Trajectory.java'
 - source debug extension:       SMAP
Trajectory.java
Java
*S jdt
*F
1 Trajectory.java
2 file:/D:/workspace/SETHE/target/classes/
*L
*E

 - class annotations:       Array<T>(0x0000000000000000)
 - class type annotations:  Array<T>(0x0000000000000000)
 - field annotations:       Array<T>(0x0000000000000000)
 - field type annotations:  Array<T>(0x0000000000000000)
 - generic signature: '
[error occurred during error reporting (inspecting top of stack), id 0xc0000005, EXCEPTION_ACCESS_VIOLATION (0xc0000005) at pc=0x00007fffa1830cb6]


---------------  P R O C E S S  ---------------

Threads class SMR info:
_java_thread_list=0x0000019019e47d80, length=15, elements={
0x000001907191fea0, 0x000001907ee1f220, 0x000001907ee1fe80, 0x000001907ee37540,
0x000001907ee38ef0, 0x000001907ee3b8a0, 0x000001907ee3f9c0, 0x000001907ee617f0,
0x000001907ee621d0, 0x000001907ee70540, 0x00000190191b0230, 0x00000190191fb7d0,
0x0000019019279cd0, 0x000001901927a5c0, 0x00000190191af890
}

Java Threads: ( => current thread )
  0x000001907191fea0 JavaThread "main" [_thread_blocked, id=2428, stack(0x0000001de2700000,0x0000001de2800000)]
  0x000001907ee1f220 JavaThread "Reference Handler" daemon [_thread_blocked, id=2708, stack(0x0000001de2e00000,0x0000001de2f00000)]
  0x000001907ee1fe80 JavaThread "Finalizer" daemon [_thread_blocked, id=9196, stack(0x0000001de2f00000,0x0000001de3000000)]
  0x000001907ee37540 JavaThread "Signal Dispatcher" daemon [_thread_blocked, id=11868, stack(0x0000001de3000000,0x0000001de3100000)]
  0x000001907ee38ef0 JavaThread "Attach Listener" daemon [_thread_blocked, id=3904, stack(0x0000001de3100000,0x0000001de3200000)]
  0x000001907ee3b8a0 JavaThread "Service Thread" daemon [_thread_blocked, id=5716, stack(0x0000001de3200000,0x0000001de3300000)]
  0x000001907ee3f9c0 JavaThread "Monitor Deflation Thread" daemon [_thread_blocked, id=9332, stack(0x0000001de3300000,0x0000001de3400000)]
  0x000001907ee617f0 JavaThread "C2 CompilerThread0" daemon [_thread_blocked, id=6236, stack(0x0000001de3400000,0x0000001de3500000)]
  0x000001907ee621d0 JavaThread "C1 CompilerThread0" daemon [_thread_blocked, id=11996, stack(0x0000001de3500000,0x0000001de3600000)]
  0x000001907ee70540 JavaThread "Sweeper thread" daemon [_thread_blocked, id=11256, stack(0x0000001de3600000,0x0000001de3700000)]
  0x00000190191b0230 JavaThread "Common-Cleaner" daemon [_thread_blocked, id=1596, stack(0x0000001de3700000,0x0000001de3800000)]
=>0x00000190191fb7d0 JavaThread "JDWP Transport Listener: dt_socket" daemon [_thread_in_vm, id=11396, stack(0x0000001de3800000,0x0000001de3900000)]
  0x0000019019279cd0 JavaThread "JDWP Event Helper Thread" daemon [_thread_blocked, id=9460, stack(0x0000001de3900000,0x0000001de3a00000)]
  0x000001901927a5c0 JavaThread "JDWP Command Reader" daemon [_thread_in_native, id=3084, stack(0x0000001de3a00000,0x0000001de3b00000)]
  0x00000190191af890 JavaThread "Notification Thread" daemon [_thread_blocked, id=6540, stack(0x0000001de3b00000,0x0000001de3c00000)]

Other Threads:
  0x00000190719b04a0 VMThread "VM Thread" [stack: 0x0000001de2d00000,0x0000001de2e00000] [id=8736]
  0x00000190193744a0 WatcherThread "VM Periodic Task Thread" [stack: 0x0000001de3c00000,0x0000001de3d00000] [id=7424]
  0x000001907198f5d0 WorkerThread "GC Thread#0" [stack: 0x0000001de2800000,0x0000001de2900000] [id=928]
  0x00000190199ad570 WorkerThread "GC Thread#1" [stack: 0x0000001de3e00000,0x0000001de3f00000] [id=7624]
  0x00000190199ad810 WorkerThread "GC Thread#2" [stack: 0x0000001de3f00000,0x0000001de4000000] [id=11772]
  0x00000190199adab0 WorkerThread "GC Thread#3" [stack: 0x0000001de4000000,0x0000001de4100000] [id=10992]
  0x00000190719a02d0 ConcurrentGCThread "G1 Main Marker" [stack: 0x0000001de2900000,0x0000001de2a00000] [id=1672]
  0x00000190719a1460 WorkerThread "G1 Conc#0" [stack: 0x0000001de2a00000,0x0000001de2b00000] [id=11984]
  0x00000190719e1c50 ConcurrentGCThread "G1 Refine#0" [stack: 0x0000001de2b00000,0x0000001de2c00000] [id=10308]
  0x00000190719e2560 ConcurrentGCThread "G1 Service" [stack: 0x0000001de2c00000,0x0000001de2d00000] [id=11536]

Threads with active compile tasks:

VM state: not at safepoint (normal execution)

VM Mutex/Monitor currently owned by a thread: None

Heap address: 0x0000000702200000, size: 4062 MB, Compressed Oops mode: Zero based, Oop shift amount: 3

CDS archive(s) mapped at: [0x0000000800000000-0x0000000800ba0000-0x0000000800ba0000), size 12189696, SharedBaseAddress: 0x0000000800000000, ArchiveRelocationMode: 0.
Compressed class space mapped at: 0x0000000800c00000-0x0000000840c00000, reserved size: 1073741824
Narrow klass base: 0x0000000800000000, Narrow klass shift: 0, Narrow klass range: 0x100000000

GC Precious Log:
 CardTable entry size: 512
 Card Set container configuration: InlinePtr #cards 4 size 8 Array Of Cards #cards 16 size 48 Howl #buckets 8 coarsen threshold 3686 Howl Bitmap #cards 512 size 80 coarsen threshold 460 Card regions per heap region 1 cards per card region 4096
 CPUs: 4 total, 4 available
 Memory: 16247M
 Large Page Support: Disabled
 NUMA Support: Disabled
 Compressed Oops: Enabled (Zero based)
 Heap Region Size: 2M
 Heap Min Capacity: 8M
 Heap Initial Capacity: 254M
 Heap Max Capacity: 4062M
 Pre-touch: Disabled
 Parallel Workers: 4
 Concurrent Workers: 1
 Concurrent Refinement Workers: 4
 Periodic GC: Disabled

Heap:
 garbage-first heap   total 260096K, used 12704K [0x0000000702200000, 0x0000000800000000)
  region size 2048K, 7 young (14336K), 1 survivors (2048K)
 Metaspace       used 6746K, committed 6976K, reserved 1114112K
  class space    used 655K, committed 768K, reserved 1048576K

Heap Regions: E=young(eden), S=young(survivor), O=old, HS=humongous(starts), HC=humongous(continues), CS=collection set, F=free, OA=open archive, CA=closed archive, TAMS=top-at-mark-start (previous, next)
|   0|0x0000000702200000, 0x0000000702268000, 0x0000000702400000| 20%| O|  |TAMS 0x0000000702200000, 0x0000000702200000| Untracked 
|   1|0x0000000702400000, 0x0000000702400000, 0x0000000702600000|  0%| F|  |TAMS 0x0000000702400000, 0x0000000702400000| Untracked 
|   2|0x0000000702600000, 0x0000000702600000, 0x0000000702800000|  0%| F|  |TAMS 0x0000000702600000, 0x0000000702600000| Untracked 
|   3|0x0000000702800000, 0x0000000702800000, 0x0000000702a00000|  0%| F|  |TAMS 0x0000000702800000, 0x0000000702800000| Untracked 
|   4|0x0000000702a00000, 0x0000000702a00000, 0x0000000702c00000|  0%| F|  |TAMS 0x0000000702a00000, 0x0000000702a00000| Untracked 
|   5|0x0000000702c00000, 0x0000000702c00000, 0x0000000702e00000|  0%| F|  |TAMS 0x0000000702c00000, 0x0000000702c00000| Untracked 
|   6|0x0000000702e00000, 0x0000000702e00000, 0x0000000703000000|  0%| F|  |TAMS 0x0000000702e00000, 0x0000000702e00000| Untracked 
|   7|0x0000000703000000, 0x0000000703000000, 0x0000000703200000|  0%| F|  |TAMS 0x0000000703000000, 0x0000000703000000| Untracked 
|   8|0x0000000703200000, 0x0000000703200000, 0x0000000703400000|  0%| F|  |TAMS 0x0000000703200000, 0x0000000703200000| Untracked 
|   9|0x0000000703400000, 0x0000000703400000, 0x0000000703600000|  0%| F|  |TAMS 0x0000000703400000, 0x0000000703400000| Untracked 
|  10|0x0000000703600000, 0x0000000703600000, 0x0000000703800000|  0%| F|  |TAMS 0x0000000703600000, 0x0000000703600000| Untracked 
|  11|0x0000000703800000, 0x0000000703800000, 0x0000000703a00000|  0%| F|  |TAMS 0x0000000703800000, 0x0000000703800000| Untracked 
|  12|0x0000000703a00000, 0x0000000703a00000, 0x0000000703c00000|  0%| F|  |TAMS 0x0000000703a00000, 0x0000000703a00000| Untracked 
|  13|0x0000000703c00000, 0x0000000703c00000, 0x0000000703e00000|  0%| F|  |TAMS 0x0000000703c00000, 0x0000000703c00000| Untracked 
|  14|0x0000000703e00000, 0x0000000703e00000, 0x0000000704000000|  0%| F|  |TAMS 0x0000000703e00000, 0x0000000703e00000| Untracked 
|  15|0x0000000704000000, 0x0000000704000000, 0x0000000704200000|  0%| F|  |TAMS 0x0000000704000000, 0x0000000704000000| Untracked 
|  16|0x0000000704200000, 0x0000000704200000, 0x0000000704400000|  0%| F|  |TAMS 0x0000000704200000, 0x0000000704200000| Untracked 
|  17|0x0000000704400000, 0x0000000704400000, 0x0000000704600000|  0%| F|  |TAMS 0x0000000704400000, 0x0000000704400000| Untracked 
|  18|0x0000000704600000, 0x0000000704600000, 0x0000000704800000|  0%| F|  |TAMS 0x0000000704600000, 0x0000000704600000| Untracked 
|  19|0x0000000704800000, 0x0000000704800000, 0x0000000704a00000|  0%| F|  |TAMS 0x0000000704800000, 0x0000000704800000| Untracked 
|  20|0x0000000704a00000, 0x0000000704a00000, 0x0000000704c00000|  0%| F|  |TAMS 0x0000000704a00000, 0x0000000704a00000| Untracked 
|  21|0x0000000704c00000, 0x0000000704c00000, 0x0000000704e00000|  0%| F|  |TAMS 0x0000000704c00000, 0x0000000704c00000| Untracked 
|  22|0x0000000704e00000, 0x0000000704e00000, 0x0000000705000000|  0%| F|  |TAMS 0x0000000704e00000, 0x0000000704e00000| Untracked 
|  23|0x0000000705000000, 0x0000000705000000, 0x0000000705200000|  0%| F|  |TAMS 0x0000000705000000, 0x0000000705000000| Untracked 
|  24|0x0000000705200000, 0x0000000705200000, 0x0000000705400000|  0%| F|  |TAMS 0x0000000705200000, 0x0000000705200000| Untracked 
|  25|0x0000000705400000, 0x0000000705400000, 0x0000000705600000|  0%| F|  |TAMS 0x0000000705400000, 0x0000000705400000| Untracked 
|  26|0x0000000705600000, 0x0000000705600000, 0x0000000705800000|  0%| F|  |TAMS 0x0000000705600000, 0x0000000705600000| Untracked 
|  27|0x0000000705800000, 0x0000000705800000, 0x0000000705a00000|  0%| F|  |TAMS 0x0000000705800000, 0x0000000705800000| Untracked 
|  28|0x0000000705a00000, 0x0000000705a00000, 0x0000000705c00000|  0%| F|  |TAMS 0x0000000705a00000, 0x0000000705a00000| Untracked 
|  29|0x0000000705c00000, 0x0000000705c00000, 0x0000000705e00000|  0%| F|  |TAMS 0x0000000705c00000, 0x0000000705c00000| Untracked 
|  30|0x0000000705e00000, 0x0000000705e00000, 0x0000000706000000|  0%| F|  |TAMS 0x0000000705e00000, 0x0000000705e00000| Untracked 
|  31|0x0000000706000000, 0x0000000706000000, 0x0000000706200000|  0%| F|  |TAMS 0x0000000706000000, 0x0000000706000000| Untracked 
|  32|0x0000000706200000, 0x0000000706200000, 0x0000000706400000|  0%| F|  |TAMS 0x0000000706200000, 0x0000000706200000| Untracked 
|  33|0x0000000706400000, 0x0000000706400000, 0x0000000706600000|  0%| F|  |TAMS 0x0000000706400000, 0x0000000706400000| Untracked 
|  34|0x0000000706600000, 0x0000000706600000, 0x0000000706800000|  0%| F|  |TAMS 0x0000000706600000, 0x0000000706600000| Untracked 
|  35|0x0000000706800000, 0x0000000706800000, 0x0000000706a00000|  0%| F|  |TAMS 0x0000000706800000, 0x0000000706800000| Untracked 
|  36|0x0000000706a00000, 0x0000000706a00000, 0x0000000706c00000|  0%| F|  |TAMS 0x0000000706a00000, 0x0000000706a00000| Untracked 
|  37|0x0000000706c00000, 0x0000000706c00000, 0x0000000706e00000|  0%| F|  |TAMS 0x0000000706c00000, 0x0000000706c00000| Untracked 
|  38|0x0000000706e00000, 0x0000000706e00000, 0x0000000707000000|  0%| F|  |TAMS 0x0000000706e00000, 0x0000000706e00000| Untracked 
|  39|0x0000000707000000, 0x0000000707000000, 0x0000000707200000|  0%| F|  |TAMS 0x0000000707000000, 0x0000000707000000| Untracked 
|  40|0x0000000707200000, 0x0000000707200000, 0x0000000707400000|  0%| F|  |TAMS 0x0000000707200000, 0x0000000707200000| Untracked 
|  41|0x0000000707400000, 0x0000000707400000, 0x0000000707600000|  0%| F|  |TAMS 0x0000000707400000, 0x0000000707400000| Untracked 
|  42|0x0000000707600000, 0x0000000707600000, 0x0000000707800000|  0%| F|  |TAMS 0x0000000707600000, 0x0000000707600000| Untracked 
|  43|0x0000000707800000, 0x0000000707800000, 0x0000000707a00000|  0%| F|  |TAMS 0x0000000707800000, 0x0000000707800000| Untracked 
|  44|0x0000000707a00000, 0x0000000707a00000, 0x0000000707c00000|  0%| F|  |TAMS 0x0000000707a00000, 0x0000000707a00000| Untracked 
|  45|0x0000000707c00000, 0x0000000707c00000, 0x0000000707e00000|  0%| F|  |TAMS 0x0000000707c00000, 0x0000000707c00000| Untracked 
|  46|0x0000000707e00000, 0x0000000707e00000, 0x0000000708000000|  0%| F|  |TAMS 0x0000000707e00000, 0x0000000707e00000| Untracked 
|  47|0x0000000708000000, 0x0000000708000000, 0x0000000708200000|  0%| F|  |TAMS 0x0000000708000000, 0x0000000708000000| Untracked 
|  48|0x0000000708200000, 0x0000000708200000, 0x0000000708400000|  0%| F|  |TAMS 0x0000000708200000, 0x0000000708200000| Untracked 
|  49|0x0000000708400000, 0x0000000708400000, 0x0000000708600000|  0%| F|  |TAMS 0x0000000708400000, 0x0000000708400000| Untracked 
|  50|0x0000000708600000, 0x0000000708600000, 0x0000000708800000|  0%| F|  |TAMS 0x0000000708600000, 0x0000000708600000| Untracked 
|  51|0x0000000708800000, 0x0000000708800000, 0x0000000708a00000|  0%| F|  |TAMS 0x0000000708800000, 0x0000000708800000| Untracked 
|  52|0x0000000708a00000, 0x0000000708a00000, 0x0000000708c00000|  0%| F|  |TAMS 0x0000000708a00000, 0x0000000708a00000| Untracked 
|  53|0x0000000708c00000, 0x0000000708c00000, 0x0000000708e00000|  0%| F|  |TAMS 0x0000000708c00000, 0x0000000708c00000| Untracked 
|  54|0x0000000708e00000, 0x0000000708e00000, 0x0000000709000000|  0%| F|  |TAMS 0x0000000708e00000, 0x0000000708e00000| Untracked 
|  55|0x0000000709000000, 0x0000000709000000, 0x0000000709200000|  0%| F|  |TAMS 0x0000000709000000, 0x0000000709000000| Untracked 
|  56|0x0000000709200000, 0x0000000709200000, 0x0000000709400000|  0%| F|  |TAMS 0x0000000709200000, 0x0000000709200000| Untracked 
|  57|0x0000000709400000, 0x0000000709400000, 0x0000000709600000|  0%| F|  |TAMS 0x0000000709400000, 0x0000000709400000| Untracked 
|  58|0x0000000709600000, 0x0000000709600000, 0x0000000709800000|  0%| F|  |TAMS 0x0000000709600000, 0x0000000709600000| Untracked 
|  59|0x0000000709800000, 0x0000000709800000, 0x0000000709a00000|  0%| F|  |TAMS 0x0000000709800000, 0x0000000709800000| Untracked 
|  60|0x0000000709a00000, 0x0000000709a00000, 0x0000000709c00000|  0%| F|  |TAMS 0x0000000709a00000, 0x0000000709a00000| Untracked 
|  61|0x0000000709c00000, 0x0000000709c00000, 0x0000000709e00000|  0%| F|  |TAMS 0x0000000709c00000, 0x0000000709c00000| Untracked 
|  62|0x0000000709e00000, 0x0000000709e00000, 0x000000070a000000|  0%| F|  |TAMS 0x0000000709e00000, 0x0000000709e00000| Untracked 
|  63|0x000000070a000000, 0x000000070a000000, 0x000000070a200000|  0%| F|  |TAMS 0x000000070a000000, 0x000000070a000000| Untracked 
|  64|0x000000070a200000, 0x000000070a200000, 0x000000070a400000|  0%| F|  |TAMS 0x000000070a200000, 0x000000070a200000| Untracked 
|  65|0x000000070a400000, 0x000000070a400000, 0x000000070a600000|  0%| F|  |TAMS 0x000000070a400000, 0x000000070a400000| Untracked 
|  66|0x000000070a600000, 0x000000070a600000, 0x000000070a800000|  0%| F|  |TAMS 0x000000070a600000, 0x000000070a600000| Untracked 
|  67|0x000000070a800000, 0x000000070a800000, 0x000000070aa00000|  0%| F|  |TAMS 0x000000070a800000, 0x000000070a800000| Untracked 
|  68|0x000000070aa00000, 0x000000070aa00000, 0x000000070ac00000|  0%| F|  |TAMS 0x000000070aa00000, 0x000000070aa00000| Untracked 
|  69|0x000000070ac00000, 0x000000070ac00000, 0x000000070ae00000|  0%| F|  |TAMS 0x000000070ac00000, 0x000000070ac00000| Untracked 
|  70|0x000000070ae00000, 0x000000070ae00000, 0x000000070b000000|  0%| F|  |TAMS 0x000000070ae00000, 0x000000070ae00000| Untracked 
|  71|0x000000070b000000, 0x000000070b000000, 0x000000070b200000|  0%| F|  |TAMS 0x000000070b000000, 0x000000070b000000| Untracked 
|  72|0x000000070b200000, 0x000000070b200000, 0x000000070b400000|  0%| F|  |TAMS 0x000000070b200000, 0x000000070b200000| Untracked 
|  73|0x000000070b400000, 0x000000070b400000, 0x000000070b600000|  0%| F|  |TAMS 0x000000070b400000, 0x000000070b400000| Untracked 
|  74|0x000000070b600000, 0x000000070b600000, 0x000000070b800000|  0%| F|  |TAMS 0x000000070b600000, 0x000000070b600000| Untracked 
|  75|0x000000070b800000, 0x000000070b800000, 0x000000070ba00000|  0%| F|  |TAMS 0x000000070b800000, 0x000000070b800000| Untracked 
|  76|0x000000070ba00000, 0x000000070ba00000, 0x000000070bc00000|  0%| F|  |TAMS 0x000000070ba00000, 0x000000070ba00000| Untracked 
|  77|0x000000070bc00000, 0x000000070bc00000, 0x000000070be00000|  0%| F|  |TAMS 0x000000070bc00000, 0x000000070bc00000| Untracked 
|  78|0x000000070be00000, 0x000000070be00000, 0x000000070c000000|  0%| F|  |TAMS 0x000000070be00000, 0x000000070be00000| Untracked 
|  79|0x000000070c000000, 0x000000070c000000, 0x000000070c200000|  0%| F|  |TAMS 0x000000070c000000, 0x000000070c000000| Untracked 
|  80|0x000000070c200000, 0x000000070c200000, 0x000000070c400000|  0%| F|  |TAMS 0x000000070c200000, 0x000000070c200000| Untracked 
|  81|0x000000070c400000, 0x000000070c400000, 0x000000070c600000|  0%| F|  |TAMS 0x000000070c400000, 0x000000070c400000| Untracked 
|  82|0x000000070c600000, 0x000000070c600000, 0x000000070c800000|  0%| F|  |TAMS 0x000000070c600000, 0x000000070c600000| Untracked 
|  83|0x000000070c800000, 0x000000070c800000, 0x000000070ca00000|  0%| F|  |TAMS 0x000000070c800000, 0x000000070c800000| Untracked 
|  84|0x000000070ca00000, 0x000000070ca00000, 0x000000070cc00000|  0%| F|  |TAMS 0x000000070ca00000, 0x000000070ca00000| Untracked 
|  85|0x000000070cc00000, 0x000000070cc00000, 0x000000070ce00000|  0%| F|  |TAMS 0x000000070cc00000, 0x000000070cc00000| Untracked 
|  86|0x000000070ce00000, 0x000000070ce00000, 0x000000070d000000|  0%| F|  |TAMS 0x000000070ce00000, 0x000000070ce00000| Untracked 
|  87|0x000000070d000000, 0x000000070d000000, 0x000000070d200000|  0%| F|  |TAMS 0x000000070d000000, 0x000000070d000000| Untracked 
|  88|0x000000070d200000, 0x000000070d200000, 0x000000070d400000|  0%| F|  |TAMS 0x000000070d200000, 0x000000070d200000| Untracked 
|  89|0x000000070d400000, 0x000000070d400000, 0x000000070d600000|  0%| F|  |TAMS 0x000000070d400000, 0x000000070d400000| Untracked 
|  90|0x000000070d600000, 0x000000070d600000, 0x000000070d800000|  0%| F|  |TAMS 0x000000070d600000, 0x000000070d600000| Untracked 
|  91|0x000000070d800000, 0x000000070d800000, 0x000000070da00000|  0%| F|  |TAMS 0x000000070d800000, 0x000000070d800000| Untracked 
|  92|0x000000070da00000, 0x000000070da00000, 0x000000070dc00000|  0%| F|  |TAMS 0x000000070da00000, 0x000000070da00000| Untracked 
|  93|0x000000070dc00000, 0x000000070dc00000, 0x000000070de00000|  0%| F|  |TAMS 0x000000070dc00000, 0x000000070dc00000| Untracked 
|  94|0x000000070de00000, 0x000000070de00000, 0x000000070e000000|  0%| F|  |TAMS 0x000000070de00000, 0x000000070de00000| Untracked 
|  95|0x000000070e000000, 0x000000070e000000, 0x000000070e200000|  0%| F|  |TAMS 0x000000070e000000, 0x000000070e000000| Untracked 
|  96|0x000000070e200000, 0x000000070e200000, 0x000000070e400000|  0%| F|  |TAMS 0x000000070e200000, 0x000000070e200000| Untracked 
|  97|0x000000070e400000, 0x000000070e400000, 0x000000070e600000|  0%| F|  |TAMS 0x000000070e400000, 0x000000070e400000| Untracked 
|  98|0x000000070e600000, 0x000000070e600000, 0x000000070e800000|  0%| F|  |TAMS 0x000000070e600000, 0x000000070e600000| Untracked 
|  99|0x000000070e800000, 0x000000070e800000, 0x000000070ea00000|  0%| F|  |TAMS 0x000000070e800000, 0x000000070e800000| Untracked 
| 100|0x000000070ea00000, 0x000000070ea00000, 0x000000070ec00000|  0%| F|  |TAMS 0x000000070ea00000, 0x000000070ea00000| Untracked 
| 101|0x000000070ec00000, 0x000000070ec00000, 0x000000070ee00000|  0%| F|  |TAMS 0x000000070ec00000, 0x000000070ec00000| Untracked 
| 102|0x000000070ee00000, 0x000000070ee00000, 0x000000070f000000|  0%| F|  |TAMS 0x000000070ee00000, 0x000000070ee00000| Untracked 
| 103|0x000000070f000000, 0x000000070f000000, 0x000000070f200000|  0%| F|  |TAMS 0x000000070f000000, 0x000000070f000000| Untracked 
| 104|0x000000070f200000, 0x000000070f200000, 0x000000070f400000|  0%| F|  |TAMS 0x000000070f200000, 0x000000070f200000| Untracked 
| 105|0x000000070f400000, 0x000000070f400000, 0x000000070f600000|  0%| F|  |TAMS 0x000000070f400000, 0x000000070f400000| Untracked 
| 106|0x000000070f600000, 0x000000070f600000, 0x000000070f800000|  0%| F|  |TAMS 0x000000070f600000, 0x000000070f600000| Untracked 
| 107|0x000000070f800000, 0x000000070f800000, 0x000000070fa00000|  0%| F|  |TAMS 0x000000070f800000, 0x000000070f800000| Untracked 
| 108|0x000000070fa00000, 0x000000070fa00000, 0x000000070fc00000|  0%| F|  |TAMS 0x000000070fa00000, 0x000000070fa00000| Untracked 
| 109|0x000000070fc00000, 0x000000070fc00000, 0x000000070fe00000|  0%| F|  |TAMS 0x000000070fc00000, 0x000000070fc00000| Untracked 
| 110|0x000000070fe00000, 0x000000070fe00000, 0x0000000710000000|  0%| F|  |TAMS 0x000000070fe00000, 0x000000070fe00000| Untracked 
| 111|0x0000000710000000, 0x0000000710000000, 0x0000000710200000|  0%| F|  |TAMS 0x0000000710000000, 0x0000000710000000| Untracked 
| 112|0x0000000710200000, 0x0000000710200000, 0x0000000710400000|  0%| F|  |TAMS 0x0000000710200000, 0x0000000710200000| Untracked 
| 113|0x0000000710400000, 0x0000000710400000, 0x0000000710600000|  0%| F|  |TAMS 0x0000000710400000, 0x0000000710400000| Untracked 
| 114|0x0000000710600000, 0x0000000710600000, 0x0000000710800000|  0%| F|  |TAMS 0x0000000710600000, 0x0000000710600000| Untracked 
| 115|0x0000000710800000, 0x0000000710800000, 0x0000000710a00000|  0%| F|  |TAMS 0x0000000710800000, 0x0000000710800000| Untracked 
| 116|0x0000000710a00000, 0x0000000710a00000, 0x0000000710c00000|  0%| F|  |TAMS 0x0000000710a00000, 0x0000000710a00000| Untracked 
| 117|0x0000000710c00000, 0x0000000710c00000, 0x0000000710e00000|  0%| F|  |TAMS 0x0000000710c00000, 0x0000000710c00000| Untracked 
| 118|0x0000000710e00000, 0x0000000710e00000, 0x0000000711000000|  0%| F|  |TAMS 0x0000000710e00000, 0x0000000710e00000| Untracked 
| 119|0x0000000711000000, 0x0000000711000000, 0x0000000711200000|  0%| F|  |TAMS 0x0000000711000000, 0x0000000711000000| Untracked 
| 120|0x0000000711200000, 0x0000000711400000, 0x0000000711400000|100%| S|CS|TAMS 0x0000000711200000, 0x0000000711200000| Complete 
| 121|0x0000000711400000, 0x00000007115dd0b0, 0x0000000711600000| 93%| E|  |TAMS 0x0000000711400000, 0x0000000711400000| Complete 
| 122|0x0000000711600000, 0x0000000711800000, 0x0000000711800000|100%| E|CS|TAMS 0x0000000711600000, 0x0000000711600000| Complete 
| 123|0x0000000711800000, 0x0000000711a00000, 0x0000000711a00000|100%| E|CS|TAMS 0x0000000711800000, 0x0000000711800000| Complete 
| 124|0x0000000711a00000, 0x0000000711c00000, 0x0000000711c00000|100%| E|CS|TAMS 0x0000000711a00000, 0x0000000711a00000| Complete 
| 125|0x0000000711c00000, 0x0000000711e00000, 0x0000000711e00000|100%| E|CS|TAMS 0x0000000711c00000, 0x0000000711c00000| Complete 
| 126|0x0000000711e00000, 0x0000000712000000, 0x0000000712000000|100%| E|CS|TAMS 0x0000000711e00000, 0x0000000711e00000| Complete 

Card table byte_map: [0x0000019079a50000,0x000001907a240000] _byte_map_base: 0x000001907623f000

Marking Bits (Prev, Next): (CMBitMap*) 0x000001907198fbd0, (CMBitMap*) 0x000001907198fc10
 Prev Bits: [0x000001907aa30000, 0x000001907e9a8000)
 Next Bits: [0x000001900f000000, 0x0000019012f78000)

Polling page: 0x000001906f8d0000

Metaspace:

Usage:
  Non-class:      5.95 MB used.
      Class:    655.30 KB used.
       Both:      6.59 MB used.

Virtual space:
  Non-class space:       64.00 MB reserved,       6.06 MB (  9%) committed,  1 nodes.
      Class space:        1.00 GB reserved,     768.00 KB ( <1%) committed,  1 nodes.
             Both:        1.06 GB reserved,       6.81 MB ( <1%) committed. 

Chunk freelists:
   Non-Class:  1.97 MB
       Class:  3.16 MB
        Both:  5.12 MB

MaxMetaspaceSize: unlimited
CompressedClassSpaceSize: 1.00 GB
Initial GC threshold: 21.00 MB
Current GC threshold: 21.00 MB
CDS: on
MetaspaceReclaimPolicy: balanced
 - commit_granule_bytes: 65536.
 - commit_granule_words: 8192.
 - virtual_space_node_default_size: 8388608.
 - enlarge_chunks_in_place: 1.
 - new_chunks_are_fully_committed: 0.
 - uncommit_free_chunks: 1.
 - use_allocation_guard: 0.


Internal statistics:

num_allocs_failed_limit: 0.
num_arena_births: 62.
num_arena_deaths: 0.
num_vsnodes_births: 2.
num_vsnodes_deaths: 0.
num_space_committed: 109.
num_space_uncommitted: 0.
num_chunks_returned_to_freelist: 0.
num_chunks_taken_from_freelist: 169.
num_chunk_merges: 0.
num_chunk_splits: 110.
num_chunks_enlarged: 78.
num_inconsistent_stats: 0.

CodeHeap 'non-profiled nmethods': size=120000Kb used=408Kb max_used=408Kb free=119591Kb
 bounds [0x0000019007ad0000, 0x0000019007d40000, 0x000001900f000000]
CodeHeap 'profiled nmethods': size=120000Kb used=2000Kb max_used=2000Kb free=117999Kb
 bounds [0x00000190005a0000, 0x0000019000810000, 0x0000019007ad0000]
CodeHeap 'non-nmethods': size=5760Kb used=1250Kb max_used=1287Kb free=4509Kb
 bounds [0x0000019000000000, 0x0000019000270000, 0x00000190005a0000]
 total_blobs=1547 nmethods=1079 adapters=381
 compilation: enabled
              stopped_count=0, restarted_count=0
 full_count=0

Compilation events (20 events):
Event: 0.767 Thread 0x000001907ee621d0 nmethod 1070 0x000001900078fd10 code [0x000001900078fec0, 0x0000019000790138]
Event: 0.767 Thread 0x000001907ee621d0 1071       3       java.lang.String::codePointAt (50 bytes)
Event: 0.767 Thread 0x000001907ee617f0 nmethod 1068 0x0000019007b35010 code [0x0000019007b351e0, 0x0000019007b35d70]
Event: 0.767 Thread 0x000001907ee621d0 nmethod 1071 0x0000019000790210 code [0x0000019000790400, 0x0000019000790888]
Event: 0.767 Thread 0x000001907ee621d0 1072       3       java.util.regex.Pattern::peek (26 bytes)
Event: 0.767 Thread 0x000001907ee621d0 nmethod 1072 0x0000019000790a90 code [0x0000019000790c40, 0x0000019000790ec8]
Event: 0.767 Thread 0x000001907ee621d0 1073       3       java.util.regex.Pattern::next (33 bytes)
Event: 0.768 Thread 0x000001907ee621d0 nmethod 1073 0x0000019000791010 code [0x00000190007911c0, 0x0000019000791448]
Event: 0.768 Thread 0x000001907ee621d0 1074       3       java.util.regex.Pattern$Slice::match (79 bytes)
Event: 0.768 Thread 0x000001907ee621d0 nmethod 1074 0x0000019000791590 code [0x0000019000791760, 0x0000019000791c18]
Event: 0.768 Thread 0x000001907ee621d0 1075       3       java.util.regex.Pattern$GroupHead::match (47 bytes)
Event: 0.768 Thread 0x000001907ee621d0 nmethod 1075 0x0000019000791e10 code [0x0000019000791fc0, 0x0000019000792248]
Event: 0.768 Thread 0x000001907ee621d0 1076       3       java.util.regex.Pattern::append (43 bytes)
Event: 0.769 Thread 0x000001907ee621d0 nmethod 1076 0x0000019000792410 code [0x00000190007925e0, 0x0000019000792a18]
Event: 0.769 Thread 0x000001907ee621d0 1077       3       java.util.ArrayList::<init> (61 bytes)
Event: 0.770 Thread 0x000001907ee621d0 nmethod 1077 0x0000019000792c10 code [0x0000019000792e80, 0x0000019000793838]
Event: 0.770 Thread 0x000001907ee621d0 1078       3       java.util.regex.Pattern$Node::<init> (12 bytes)
Event: 0.770 Thread 0x000001907ee621d0 nmethod 1078 0x0000019000793b90 code [0x0000019000793d40, 0x0000019000793f18]
Event: 15.127 Thread 0x000001907ee621d0 1079       3       java.util.ArrayList::isEmpty (13 bytes)
Event: 15.127 Thread 0x000001907ee621d0 nmethod 1079 0x0000019000794010 code [0x00000190007941a0, 0x0000019000794318]

GC Heap History (2 events):
Event: 0.504 GC heap before
{Heap before GC invocations=0 (full 0):
 garbage-first heap   total 260096K, used 12288K [0x0000000702200000, 0x0000000800000000)
  region size 2048K, 6 young (12288K), 0 survivors (0K)
 Metaspace       used 4624K, committed 4800K, reserved 1114112K
  class space    used 431K, committed 512K, reserved 1048576K
}
Event: 0.509 GC heap after
{Heap after GC invocations=1 (full 0):
 garbage-first heap   total 260096K, used 2464K [0x0000000702200000, 0x0000000800000000)
  region size 2048K, 1 young (2048K), 1 survivors (2048K)
 Metaspace       used 4624K, committed 4800K, reserved 1114112K
  class space    used 431K, committed 512K, reserved 1048576K
}

Deoptimization events (20 events):
Event: 0.529 Thread 0x000001907191fea0 DEOPT PACKING pc=0x0000019007ae0be0 sp=0x0000001de27fb430
Event: 0.529 Thread 0x000001907191fea0 DEOPT UNPACKING pc=0x00000190000523a3 sp=0x0000001de27fb3d0 mode 2
Event: 0.532 Thread 0x000001907191fea0 Uncommon trap: trap_request=0xffffff45 fr.pc=0x0000019007ae5e48 relative=0x0000000000000048
Event: 0.532 Thread 0x000001907191fea0 Uncommon trap: reason=unstable_if action=reinterpret pc=0x0000019007ae5e48 method=java.lang.CharacterData.of(I)Ljava/lang/CharacterData; @ 4 c2
Event: 0.532 Thread 0x000001907191fea0 DEOPT PACKING pc=0x0000019007ae5e48 sp=0x0000001de27fd3f0
Event: 0.532 Thread 0x000001907191fea0 DEOPT UNPACKING pc=0x00000190000523a3 sp=0x0000001de27fd390 mode 2
Event: 0.534 Thread 0x000001907191fea0 Uncommon trap: trap_request=0xffffff45 fr.pc=0x0000019007ae61cc relative=0x00000000000000ac
Event: 0.534 Thread 0x000001907191fea0 Uncommon trap: reason=unstable_if action=reinterpret pc=0x0000019007ae61cc method=java.lang.CharacterDataLatin1.digit(II)I @ 7 c2
Event: 0.534 Thread 0x000001907191fea0 DEOPT PACKING pc=0x0000019007ae61cc sp=0x0000001de27fda30
Event: 0.534 Thread 0x000001907191fea0 DEOPT UNPACKING pc=0x00000190000523a3 sp=0x0000001de27fd9c0 mode 2
Event: 0.538 Thread 0x000001907191fea0 Uncommon trap: trap_request=0xffffff45 fr.pc=0x0000019007b125fc relative=0x00000000000000fc
Event: 0.538 Thread 0x000001907191fea0 Uncommon trap: reason=unstable_if action=reinterpret pc=0x0000019007b125fc method=org.eclipse.jdt.launching.internal.org.objectweb.asm.ByteVector.putShort(I)Lorg/eclipse/jdt/launching/internal/org/objectweb/asm/ByteVector; @ 13 c2
Event: 0.538 Thread 0x000001907191fea0 DEOPT PACKING pc=0x0000019007b125fc sp=0x0000001de27fc220
Event: 0.538 Thread 0x000001907191fea0 DEOPT UNPACKING pc=0x00000190000523a3 sp=0x0000001de27fc1b8 mode 2
Event: 0.598 Thread 0x000001907191fea0 Uncommon trap: trap_request=0xffffff45 fr.pc=0x0000019007b0fbb0 relative=0x0000000000000250
Event: 0.598 Thread 0x000001907191fea0 Uncommon trap: reason=unstable_if action=reinterpret pc=0x0000019007b0fbb0 method=java.util.HashMap.putVal(ILjava/lang/Object;Ljava/lang/Object;ZZ)Ljava/lang/Object; @ 162 c2
Event: 0.598 Thread 0x000001907191fea0 DEOPT PACKING pc=0x0000019007b0fbb0 sp=0x0000001de27fd220
Event: 0.598 Thread 0x000001907191fea0 DEOPT UNPACKING pc=0x00000190000523a3 sp=0x0000001de27fd1c8 mode 2
Event: 0.686 Thread 0x000001907191fea0 DEOPT PACKING pc=0x000001900066ef79 sp=0x0000001de27fdf30
Event: 0.686 Thread 0x000001907191fea0 DEOPT UNPACKING pc=0x0000019000052b43 sp=0x0000001de27fd390 mode 0

Classes loaded (20 events):
Event: 0.694 Loading class java/util/concurrent/atomic/AtomicReferenceFieldUpdater
Event: 0.694 Loading class java/util/concurrent/atomic/AtomicReferenceFieldUpdater done
Event: 0.694 Loading class java/util/concurrent/atomic/AtomicReferenceFieldUpdater$AtomicReferenceFieldUpdaterImpl
Event: 0.694 Loading class java/util/concurrent/atomic/AtomicReferenceFieldUpdater$AtomicReferenceFieldUpdaterImpl done
Event: 0.694 Loading class java/util/concurrent/atomic/AtomicReferenceFieldUpdater$AtomicReferenceFieldUpdaterImpl$1
Event: 0.694 Loading class java/util/concurrent/atomic/AtomicReferenceFieldUpdater$AtomicReferenceFieldUpdaterImpl$1 done
Event: 0.695 Loading class sun/reflect/misc/ReflectUtil
Event: 0.695 Loading class sun/reflect/misc/ReflectUtil done
Event: 0.696 Loading class java/util/PriorityQueue
Event: 0.697 Loading class java/util/AbstractQueue
Event: 0.697 Loading class java/util/AbstractQueue done
Event: 0.697 Loading class java/util/PriorityQueue done
Event: 0.740 Loading class java/net/UnknownHostException
Event: 0.740 Loading class java/net/UnknownHostException done
Event: 0.740 Loading class java/io/CharArrayReader
Event: 0.741 Loading class java/io/CharArrayReader done
Event: 0.741 Loading class java/math/BigDecimal
Event: 0.741 Loading class java/math/BigDecimal done
Event: 7.287 Loading class java/util/ArrayList$ListItr
Event: 7.287 Loading class java/util/ArrayList$ListItr done

Classes unloaded (0 events):
No events

Classes redefined (2 events):
Event: 273.726 Thread 0x00000190719b04a0 redefined class name=sethe.util.graph.Graph, count=1
Event: 273.726 Thread 0x00000190719b04a0 redefined class name=sethe.Trajectory, count=1

Internal exceptions (8 events):
Event: 0.362 Thread 0x000001907191fea0 Exception <a 'java/lang/NoSuchMethodError'{0x0000000711b04f28}: 'void java.lang.invoke.DirectMethodHandle$Holder.invokeStatic(java.lang.Object, java.lang.Object, java.lang.Object)'> (0x0000000711b04f28) 
thrown [s\open\src\hotspot\share\interpreter\linkResolver.cpp, line 766]
Event: 0.365 Thread 0x000001907191fea0 Exception <a 'java/lang/NoSuchMethodError'{0x0000000711b18d40}: 'java.lang.Object java.lang.invoke.Invokers$Holder.invokeExact_MT(java.lang.Object, java.lang.Object, java.lang.Object, java.lang.Object, java.lang.Object)'> (0x0000000711b18d40) 
thrown [s\open\src\hotspot\share\interpreter\linkResolver.cpp, line 766]
Event: 0.482 Thread 0x000001907191fea0 Exception <a 'java/lang/NoSuchMethodError'{0x0000000711534ad0}: 'void java.lang.invoke.DirectMethodHandle$Holder.invokeStatic(java.lang.Object, java.lang.Object)'> (0x0000000711534ad0) 
thrown [s\open\src\hotspot\share\interpreter\linkResolver.cpp, line 766]
Event: 0.492 Thread 0x000001907191fea0 Exception <a 'java/lang/NoSuchMethodError'{0x00000007115b6160}: 'java.lang.Object java.lang.invoke.DirectMethodHandle$Holder.invokeStaticInit(java.lang.Object)'> (0x00000007115b6160) 
thrown [s\open\src\hotspot\share\interpreter\linkResolver.cpp, line 766]
Event: 0.502 Thread 0x000001907191fea0 Exception <a 'java/lang/NoSuchMethodError'{0x00000007115f47f0}: 'int java.lang.invoke.DirectMethodHandle$Holder.invokeSpecial(java.lang.Object, java.lang.Object, java.lang.Object)'> (0x00000007115f47f0) 
thrown [s\open\src\hotspot\share\interpreter\linkResolver.cpp, line 766]
Event: 0.550 Thread 0x000001907191fea0 Exception <a 'java/lang/NoSuchMethodError'{0x0000000711fbf3d8}: 'java.lang.Object java.lang.invoke.DirectMethodHandle$Holder.invokeStaticInit(java.lang.Object, int, int, int, int)'> (0x0000000711fbf3d8) 
thrown [s\open\src\hotspot\share\interpreter\linkResolver.cpp, line 766]
Event: 0.583 Thread 0x000001907191fea0 Exception <a 'java/lang/NoSuchMethodError'{0x0000000711c21a18}: 'java.lang.Object java.lang.invoke.DirectMethodHandle$Holder.invokeStaticInit(java.lang.Object, java.lang.Object, int, int, int, int)'> (0x0000000711c21a18) 
thrown [s\open\src\hotspot\share\interpreter\linkResolver.cpp, line 766]
Event: 0.612 Thread 0x000001907191fea0 Exception <a 'sun/nio/fs/WindowsException'{0x0000000711a6b820}> (0x0000000711a6b820) 
thrown [s\open\src\hotspot\share\prims\jni.cpp, line 516]

VM Operations (20 events):
Event: 84.524 Executing VM operation: get/set locals
Event: 84.524 Executing VM operation: get/set locals done
Event: 84.524 Executing VM operation: get/set locals
Event: 84.525 Executing VM operation: get/set locals done
Event: 87.284 Executing VM operation: get/set locals
Event: 87.284 Executing VM operation: get/set locals done
Event: 87.285 Executing VM operation: get/set locals
Event: 87.285 Executing VM operation: get/set locals done
Event: 273.718 Executing VM operation: ChangeSingleStep
Event: 273.718 Executing VM operation: ChangeSingleStep done
Event: 273.718 Executing VM operation: ChangeSingleStep
Event: 273.718 Executing VM operation: ChangeSingleStep done
Event: 273.725 Executing VM operation: RedefineClasses
Event: 273.729 Executing VM operation: RedefineClasses done
Event: 273.736 Executing VM operation: ChangeBreakpoints
Event: 273.737 Executing VM operation: ChangeBreakpoints done
Event: 273.742 Executing VM operation: ChangeBreakpoints
Event: 273.742 Executing VM operation: ChangeBreakpoints done
Event: 273.746 Executing VM operation: ChangeBreakpoints
Event: 273.746 Executing VM operation: ChangeBreakpoints done

Events (20 events):
Event: 0.033 Thread 0x000001907ee617f0 Thread added: 0x000001907ee617f0
Event: 0.033 Thread 0x000001907ee621d0 Thread added: 0x000001907ee621d0
Event: 0.033 Thread 0x000001907ee70540 Thread added: 0x000001907ee70540
Event: 0.055 Thread 0x00000190191b0230 Thread added: 0x00000190191b0230
Event: 0.094 Thread 0x00000190191fb7d0 Thread added: 0x00000190191fb7d0
Event: 0.095 Thread 0x0000019019279cd0 Thread added: 0x0000019019279cd0
Event: 0.095 Thread 0x000001901927a5c0 Thread added: 0x000001901927a5c0
Event: 0.240 Loaded shared library C:\Program Files\Java\jdk-18.0.1.1\bin\zip.dll
Event: 0.243 Loaded shared library C:\Program Files\Java\jdk-18.0.1.1\bin\instrument.dll
Event: 0.250 Loaded shared library C:\Program Files\Java\jdk-18.0.1.1\bin\net.dll
Event: 0.251 Loaded shared library C:\Program Files\Java\jdk-18.0.1.1\bin\nio.dll
Event: 0.255 Loaded shared library C:\Program Files\Java\jdk-18.0.1.1\bin\zip.dll
Event: 0.312 Loaded shared library C:\Program Files\Java\jdk-18.0.1.1\bin\jimage.dll
Event: 0.369 Thread 0x00000190191af890 Thread added: 0x00000190191af890
Event: 0.375 Loaded shared library C:\Program Files\Java\jdk-18.0.1.1\bin\verify.dll
Event: 0.494 Loaded shared library C:\Program Files\Java\jdk-18.0.1.1\bin\management.dll
Event: 0.496 Loaded shared library C:\Program Files\Java\jdk-18.0.1.1\bin\management_ext.dll
Event: 0.603 Loaded shared library C:\Program Files\Java\jdk-18.0.1.1\bin\sunmscapi.dll
Event: 0.624 Thread 0x0000019019a8c3c0 Thread added: 0x0000019019a8c3c0
Event: 5.779 Thread 0x0000019019a8c3c0 Thread exited: 0x0000019019a8c3c0


Dynamic libraries:
0x00007ff66f650000 - 0x00007ff66f660000 	C:\Program Files\Java\jdk-18.0.1.1\bin\javaw.exe
0x00007ffffafd0000 - 0x00007ffffb1c8000 	C:\WINDOWS\SYSTEM32\ntdll.dll
0x00007ffffa040000 - 0x00007ffffa0fd000 	C:\WINDOWS\System32\KERNEL32.DLL
0x00007ffff8a10000 - 0x00007ffff8ce2000 	C:\WINDOWS\System32\KERNELBASE.dll
0x00007ffff8910000 - 0x00007ffff8a10000 	C:\WINDOWS\System32\ucrtbase.dll
0x00007fffe9260000 - 0x00007fffe9278000 	C:\Program Files\Java\jdk-18.0.1.1\bin\jli.dll
0x00007ffff9110000 - 0x00007ffff91be000 	C:\WINDOWS\System32\ADVAPI32.dll
0x00007ffffae10000 - 0x00007ffffaeae000 	C:\WINDOWS\System32\msvcrt.dll
0x00007ffffa970000 - 0x00007ffffaa0c000 	C:\WINDOWS\System32\sechost.dll
0x00007ffffaba0000 - 0x00007ffffacc5000 	C:\WINDOWS\System32\RPCRT4.dll
0x00007ffffa160000 - 0x00007ffffa2fd000 	C:\WINDOWS\System32\USER32.dll
0x00007ffff8850000 - 0x00007ffff8872000 	C:\WINDOWS\System32\win32u.dll
0x00007ffffaa10000 - 0x00007ffffaa3b000 	C:\WINDOWS\System32\GDI32.dll
0x00007fffea890000 - 0x00007fffea8aa000 	C:\Program Files\Java\jdk-18.0.1.1\bin\VCRUNTIME140.dll
0x00007ffff8740000 - 0x00007ffff884f000 	C:\WINDOWS\System32\gdi32full.dll
0x00007ffff8e60000 - 0x00007ffff8efd000 	C:\WINDOWS\System32\msvcp_win.dll
0x00007ffff0350000 - 0x00007ffff05ea000 	C:\WINDOWS\WinSxS\amd64_microsoft.windows.common-controls_6595b64144ccf1df_6.0.19041.1110_none_60b5254171f9507e\COMCTL32.dll
0x00007ffff3240000 - 0x00007ffff324a000 	C:\WINDOWS\SYSTEM32\VERSION.dll
0x00007ffffaf60000 - 0x00007ffffaf90000 	C:\WINDOWS\System32\IMM32.DLL
0x00007ffff4120000 - 0x00007ffff412c000 	C:\Program Files\Java\jdk-18.0.1.1\bin\vcruntime140_1.dll
0x00007fffe7290000 - 0x00007fffe731d000 	C:\Program Files\Java\jdk-18.0.1.1\bin\msvcp140.dll
0x00007fffa10d0000 - 0x00007fffa1ce0000 	C:\Program Files\Java\jdk-18.0.1.1\bin\server\jvm.dll
0x00007ffff9a10000 - 0x00007ffff9a18000 	C:\WINDOWS\System32\PSAPI.DLL
0x00007fffed0e0000 - 0x00007fffed0e9000 	C:\WINDOWS\SYSTEM32\WSOCK32.dll
0x00007ffff99a0000 - 0x00007ffff9a0b000 	C:\WINDOWS\System32\WS2_32.dll
0x00007fffe28e0000 - 0x00007fffe2907000 	C:\WINDOWS\SYSTEM32\WINMM.dll
0x00007ffff65e0000 - 0x00007ffff65f2000 	C:\WINDOWS\SYSTEM32\kernel.appcore.dll
0x00007ffff2f40000 - 0x00007ffff2f4a000 	C:\Program Files\Java\jdk-18.0.1.1\bin\jimage.dll
0x00007ffff3560000 - 0x00007ffff3744000 	C:\WINDOWS\SYSTEM32\DBGHELP.DLL
0x00007ffff33d0000 - 0x00007ffff33fc000 	C:\WINDOWS\SYSTEM32\dbgcore.DLL
0x00007ffff8880000 - 0x00007ffff8902000 	C:\WINDOWS\System32\bcryptPrimitives.dll
0x00007fffdbbc0000 - 0x00007fffdbbfb000 	C:\Program Files\Java\jdk-18.0.1.1\bin\jdwp.dll
0x00007fffeeea0000 - 0x00007fffeeeae000 	C:\Program Files\Java\jdk-18.0.1.1\bin\instrument.dll
0x00007fffe8560000 - 0x00007fffe8585000 	C:\Program Files\Java\jdk-18.0.1.1\bin\java.dll
0x00007fffd7750000 - 0x00007fffd7826000 	C:\Program Files\Java\jdk-18.0.1.1\bin\jsvml.dll
0x00007ffff9240000 - 0x00007ffff9983000 	C:\WINDOWS\System32\SHELL32.dll
0x00007ffff67e0000 - 0x00007ffff6f71000 	C:\WINDOWS\SYSTEM32\windows.storage.dll
0x00007ffffa3c0000 - 0x00007ffffa714000 	C:\WINDOWS\System32\combase.dll
0x00007ffff80c0000 - 0x00007ffff80f0000 	C:\WINDOWS\SYSTEM32\Wldp.dll
0x00007ffffa310000 - 0x00007ffffa3bd000 	C:\WINDOWS\System32\SHCORE.dll
0x00007ffff90b0000 - 0x00007ffff9105000 	C:\WINDOWS\System32\shlwapi.dll
0x00007ffff8680000 - 0x00007ffff869f000 	C:\WINDOWS\SYSTEM32\profapi.dll
0x00007fffe6f90000 - 0x00007fffe6f9c000 	C:\Program Files\Java\jdk-18.0.1.1\bin\dt_socket.dll
0x00007ffff7b40000 - 0x00007ffff7b7b000 	C:\WINDOWS\SYSTEM32\IPHLPAPI.DLL
0x00007ffff7e30000 - 0x00007ffff7e9a000 	C:\WINDOWS\system32\mswsock.dll
0x00007ffff7b80000 - 0x00007ffff7c4a000 	C:\WINDOWS\SYSTEM32\DNSAPI.dll
0x00007ffffa300000 - 0x00007ffffa308000 	C:\WINDOWS\System32\NSI.dll
0x00007ffff1980000 - 0x00007ffff198a000 	C:\Windows\System32\rasadhlp.dll
0x00007ffff1830000 - 0x00007ffff18b0000 	C:\WINDOWS\System32\fwpuclnt.dll
0x00007ffff9060000 - 0x00007ffff9087000 	C:\WINDOWS\System32\bcrypt.dll
0x00007fffe8540000 - 0x00007fffe8558000 	C:\Program Files\Java\jdk-18.0.1.1\bin\zip.dll
0x00007fffe8520000 - 0x00007fffe8533000 	C:\Program Files\Java\jdk-18.0.1.1\bin\net.dll
0x00007ffff1e20000 - 0x00007ffff1f2d000 	C:\WINDOWS\SYSTEM32\WINHTTP.dll
0x00007fffe8100000 - 0x00007fffe8116000 	C:\Program Files\Java\jdk-18.0.1.1\bin\nio.dll
0x00007fffee270000 - 0x00007fffee280000 	C:\Program Files\Java\jdk-18.0.1.1\bin\verify.dll
0x00007fffee3c0000 - 0x00007fffee3c9000 	C:\Program Files\Java\jdk-18.0.1.1\bin\management.dll
0x00007fffee3b0000 - 0x00007fffee3bb000 	C:\Program Files\Java\jdk-18.0.1.1\bin\management_ext.dll
0x00007ffff8400000 - 0x00007ffff8418000 	C:\WINDOWS\SYSTEM32\CRYPTSP.dll
0x00007ffff7770000 - 0x00007ffff77a4000 	C:\WINDOWS\system32\rsaenh.dll
0x00007ffff8640000 - 0x00007ffff866e000 	C:\WINDOWS\SYSTEM32\USERENV.dll
0x00007ffff7fc0000 - 0x00007ffff7fcc000 	C:\WINDOWS\SYSTEM32\CRYPTBASE.dll
0x00007ffff31c0000 - 0x00007ffff31d7000 	C:\WINDOWS\SYSTEM32\dhcpcsvc6.DLL
0x00007ffff31a0000 - 0x00007ffff31bd000 	C:\WINDOWS\SYSTEM32\dhcpcsvc.DLL
0x00007fffea880000 - 0x00007fffea88e000 	C:\Program Files\Java\jdk-18.0.1.1\bin\sunmscapi.dll
0x00007ffff8f00000 - 0x00007ffff9056000 	C:\WINDOWS\System32\CRYPT32.dll
0x00007ffff8130000 - 0x00007ffff8157000 	C:\WINDOWS\SYSTEM32\ncrypt.dll
0x00007ffff80f0000 - 0x00007ffff812b000 	C:\WINDOWS\SYSTEM32\NTASN1.dll

dbghelp: loaded successfully - version: 4.0.5 - missing functions: none
symbol engine: initialized successfully - sym options: 0x614 - pdb path: .;C:\Program Files\Java\jdk-18.0.1.1\bin;C:\WINDOWS\SYSTEM32;C:\WINDOWS\WinSxS\amd64_microsoft.windows.common-controls_6595b64144ccf1df_6.0.19041.1110_none_60b5254171f9507e;C:\Program Files\Java\jdk-18.0.1.1\bin\server

VM Arguments:
jvm_args: -XX:+ShowCodeDetailsInExceptionMessages -agentlib:jdwp=transport=dt_socket,suspend=y,address=localhost:50981 -javaagent:C:\Users\Damiao\eclipse\jee-2022-06\eclipse\configuration\org.eclipse.osgi\1059\0\.cp\lib\javaagent-shaded.jar -Dfile.encoding=UTF-8 
java_command: sethe.foursquare.test.QuerySetheFoursquareMain
java_class_path (initial): D:\workspace\SETHE\target\classes;C:\Users\Damiao\.m2\repository\org\postgresql\postgresql\42.2.18\postgresql-42.2.18.jar;C:\Users\Damiao\.m2\repository\org\checkerframework\checker-qual\3.5.0\checker-qual-3.5.0.jar
Launcher Type: SUN_STANDARD

[Global flags]
     intx CICompilerCount                          = 3                                         {product} {ergonomic}
     uint ConcGCThreads                            = 1                                         {product} {ergonomic}
     uint G1ConcRefinementThreads                  = 4                                         {product} {ergonomic}
   size_t G1HeapRegionSize                         = 2097152                                   {product} {ergonomic}
    uintx GCDrainStackTargetSize                   = 64                                        {product} {ergonomic}
   size_t InitialHeapSize                          = 266338304                                 {product} {ergonomic}
   size_t MarkStackSize                            = 4194304                                   {product} {ergonomic}
   size_t MaxHeapSize                              = 4259315712                                {product} {ergonomic}
   size_t MaxNewSize                               = 2554331136                                {product} {ergonomic}
   size_t MinHeapDeltaBytes                        = 2097152                                   {product} {ergonomic}
   size_t MinHeapSize                              = 8388608                                   {product} {ergonomic}
    uintx NonNMethodCodeHeapSize                   = 5832780                                {pd product} {ergonomic}
    uintx NonProfiledCodeHeapSize                  = 122912730                              {pd product} {ergonomic}
    uintx ProfiledCodeHeapSize                     = 122912730                              {pd product} {ergonomic}
    uintx ReservedCodeCacheSize                    = 251658240                              {pd product} {ergonomic}
     bool SegmentedCodeCache                       = true                                      {product} {ergonomic}
     bool ShowCodeDetailsInExceptionMessages       = true                                   {manageable} {command line}
   size_t SoftMaxHeapSize                          = 4259315712                             {manageable} {ergonomic}
     bool UseCompressedClassPointers               = true                           {product lp64_product} {ergonomic}
     bool UseCompressedOops                        = true                           {product lp64_product} {ergonomic}
     bool UseG1GC                                  = true                                      {product} {ergonomic}
     bool UseLargePagesIndividualAllocation        = false                                  {pd product} {ergonomic}

Logging:
Log output configuration:
 #0: stdout all=warning uptime,level,tags foldmultilines=false
 #1: stderr all=off uptime,level,tags foldmultilines=false

Environment Variables:
JAVA_HOME=C:\Program Files\Java\jdk-18.0.1.1
PATH=C:\Python310\Scripts\;C:\Python310\;C:\Program Files\Common Files\Oracle\Java\javapath;C:\WINDOWS\system32;C:\WINDOWS;C:\WINDOWS\System32\Wbem;C:\WINDOWS\System32\WindowsPowerShell\v1.0\;C:\WINDOWS\System32\OpenSSH\;D:\Git\cmd;C:\Program Files\nodejs\;C:\ProgramData\chocolatey\bin;C:\Program Files\Docker\Docker\resources\bin;C:\ProgramData\DockerDesktop\version-bin;C:\Program Files\Java\jdk-18.0.1.1\bin;C:\Users\Damiao\AppData\Local\Microsoft\WindowsApps;C:\Users\Damiao\AppData\Roaming\npm;C:\Users\Damiao\AppData\Local\Programs\Microsoft VS Code\bin
USERNAME=Damiao
OS=Windows_NT
PROCESSOR_IDENTIFIER=Intel64 Family 6 Model 158 Stepping 9, GenuineIntel



---------------  S Y S T E M  ---------------

OS:
 Windows 10 , 64 bit Build 19041 (10.0.19041.1889)
OS uptime: 3 days 11:13 hours
Hyper-V role detected

CPU: total 4 (initial active 4) (4 cores per cpu, 1 threads per core) family 6 model 158 stepping 9 microcode 0xd6, cx8, cmov, fxsr, mmx, 3dnowpref, sse, sse2, sse3, ssse3, sse4.1, sse4.2, popcnt, lzcnt, tsc, tscinvbit, avx, avx2, aes, erms, clmul, bmi1, bmi2, rtm, adx, fma, vzeroupper, clflush, clflushopt, hv

Memory: 4k page, system-wide physical 16247M (8584M free)
TotalPageFile size 18679M (AvailPageFile size 10081M)
current process WorkingSet (physical memory assigned to process): 63M, peak: 72M
current process commit charge ("private bytes"): 342M, peak: 351M

vm_info: Java HotSpot(TM) 64-Bit Server VM (18.0.1.1+2-6) for windows-amd64 JRE (18.0.1.1+2-6), built on Apr 25 2022 21:53:15 by "mach5one" with MS VC++ 16.8 / 16.9 (VS2019)

END.
